d:\easily-sdk-5\windows\xportd\x64\release\vc120.pdb
d:\easily-sdk-5\windows\xportd\x64\release\xportdmain.obj
d:\easily-sdk-5\windows\xportd\x64\release\xslots.obj
d:\easily-sdk-5\windows\xportd\x64\release\xportd.obj
d:\easily-sdk-5\windows\xportd\x64\release\xpnps.obj
d:\easily-sdk-5\windows\xportd\x64\release\xhttps.obj
d:\easily-sdk-5\windows\xportd\x64\release\srvlog.obj
d:\easily-sdk-5\windows\xportd\x64\release\srvcert.obj
d:\easily-sdk-5\windows\easily-srv-5\x64\release\xportd.exe
d:\easily-sdk-5\windows\easily-srv-5\x64\release\xportd.pdb
d:\easily-sdk-5\windows\xportd\x64\release\xportd.res
d:\easily-sdk-5\windows\xportd\x64\release\xportd.tlog\cl.command.1.tlog
d:\easily-sdk-5\windows\xportd\x64\release\xportd.tlog\cl.read.1.tlog
d:\easily-sdk-5\windows\xportd\x64\release\xportd.tlog\cl.write.1.tlog
d:\easily-sdk-5\windows\xportd\x64\release\xportd.tlog\link.command.1.tlog
d:\easily-sdk-5\windows\xportd\x64\release\xportd.tlog\link.read.1.tlog
d:\easily-sdk-5\windows\xportd\x64\release\xportd.tlog\link.write.1.tlog
d:\easily-sdk-5\windows\xportd\x64\release\xportd.tlog\rc.command.1.tlog
d:\easily-sdk-5\windows\xportd\x64\release\xportd.tlog\rc.read.1.tlog
d:\easily-sdk-5\windows\xportd\x64\release\xportd.tlog\rc.write.1.tlog
